SF:/home/doxa/IdeaProjects/welog_rs/src/axum_middleware.rs
FN:114,_RNCNCNvXs0_NtCsfdW6lr23eMG_8welog_rs15axum_middlewareINtB9_15WelogMiddlewareNtNtBb_5tests15AxumTestServiceEINtCs4B2mWaNVICo_13tower_service7ServiceINtNtCs2r0awENAkXx_4http7request7RequestNtNtCs55YaL8KkWWx_9axum_core4body4BodyEE4call00Bb_
FN:129,_RNCNCNvXs0_NtCsfdW6lr23eMG_8welog_rs15axum_middlewareINtB9_15WelogMiddlewareNtNtBb_5tests15AxumTestServiceEINtCs4B2mWaNVICo_13tower_service7ServiceINtNtCs2r0awENAkXx_4http7request7RequestNtNtCs55YaL8KkWWx_9axum_core4body4BodyEE4call0s0_0Bb_
FN:132,_RNCNCNvXs0_NtCsfdW6lr23eMG_8welog_rs15axum_middlewareINtB9_15WelogMiddlewareNtNtBb_5tests15AxumTestServiceEINtCs4B2mWaNVICo_13tower_service7ServiceINtNtCs2r0awENAkXx_4http7request7RequestNtNtCs55YaL8KkWWx_9axum_core4body4BodyEE4call0s1_0Bb_
FN:142,_RNCNCNvXs0_NtCsfdW6lr23eMG_8welog_rs15axum_middlewareINtB9_15WelogMiddlewareNtNtBb_5tests15AxumTestServiceEINtCs4B2mWaNVICo_13tower_service7ServiceINtNtCs2r0awENAkXx_4http7request7RequestNtNtCs55YaL8KkWWx_9axum_core4body4BodyEE4call0s2_0Bb_
FN:173,_RNCNCNvXs0_NtCsfdW6lr23eMG_8welog_rs15axum_middlewareINtB9_15WelogMiddlewareNtNtBb_5tests15AxumTestServiceEINtCs4B2mWaNVICo_13tower_service7ServiceINtNtCs2r0awENAkXx_4http7request7RequestNtNtCs55YaL8KkWWx_9axum_core4body4BodyEE4call0s3_0Bb_
FN:128,_RNCNCNvXs0_NtCsfdW6lr23eMG_8welog_rs15axum_middlewareINtB9_15WelogMiddlewareNtNtBb_5tests15AxumTestServiceEINtCs4B2mWaNVICo_13tower_service7ServiceINtNtCs2r0awENAkXx_4http7request7RequestNtNtCs55YaL8KkWWx_9axum_core4body4BodyEE4call0s_0Bb_
FN:335,_RNCNvNtCsfdW6lr23eMG_8welog_rs15axum_middleware16header_to_string0B5_
FN:336,_RNCNvNtCsfdW6lr23eMG_8welog_rs15axum_middleware16header_to_strings_0B5_
FN:348,_RNCNvNtCsfdW6lr23eMG_8welog_rs15axum_middleware17extract_client_ip0B5_
FN:349,_RNCNvNtCsfdW6lr23eMG_8welog_rs15axum_middleware17extract_client_ips_0B5_
FN:246,_RNCNvNtCsfdW6lr23eMG_8welog_rs15axum_middleware8log_axum0B5_
FN:105,_RNCNvXs0_NtCsfdW6lr23eMG_8welog_rs15axum_middlewareINtB7_15WelogMiddlewareNtNtB9_5tests15AxumTestServiceEINtCs4B2mWaNVICo_13tower_service7ServiceINtNtCs2r0awENAkXx_4http7request7RequestNtNtCs55YaL8KkWWx_9axum_core4body4BodyEE4call0B9_
FN:98,_RNvXs0_NtCsfdW6lr23eMG_8welog_rs15axum_middlewareINtB5_15WelogMiddlewareNtNtB7_5tests15AxumTestServiceEINtCs4B2mWaNVICo_13tower_service7ServiceINtNtCs2r0awENAkXx_4http7request7RequestNtNtCs55YaL8KkWWx_9axum_core4body4BodyEE10poll_readyB7_
FN:102,_RNvXs0_NtCsfdW6lr23eMG_8welog_rs15axum_middlewareINtB5_15WelogMiddlewareNtNtB7_5tests15AxumTestServiceEINtCs4B2mWaNVICo_13tower_service7ServiceINtNtCs2r0awENAkXx_4http7request7RequestNtNtCs55YaL8KkWWx_9axum_core4body4BodyEE4callB7_
FN:82,_RNvXs_NtCsfdW6lr23eMG_8welog_rs15axum_middlewareNtB4_10WelogLayerINtCs7LXigWG8Jms_11tower_layer5LayerNtNtB6_5tests15AxumTestServiceE5layerB6_
FN:64,_RNvMNtCsfdW6lr23eMG_8welog_rs15axum_middlewareNtB2_12WelogContext10request_id
FN:69,_RNvMNtCsfdW6lr23eMG_8welog_rs15axum_middlewareNtB2_12WelogContext6logger
FN:323,_RNvNtCsfdW6lr23eMG_8welog_rs15axum_middleware15log_axum_client
FN:332,_RNvNtCsfdW6lr23eMG_8welog_rs15axum_middleware16header_to_string
FN:342,_RNvNtCsfdW6lr23eMG_8welog_rs15axum_middleware17extract_client_ip
FN:358,_RNvNtCsfdW6lr23eMG_8welog_rs15axum_middleware17version_to_string
FN:75,_RNvNtCsfdW6lr23eMG_8welog_rs15axum_middleware29test_force_invalid_request_id
FN:208,_RNvNtCsfdW6lr23eMG_8welog_rs15axum_middleware8log_axum
FNDA:1,_RNCNCNvXs0_NtCsfdW6lr23eMG_8welog_rs15axum_middlewareINtB9_15WelogMiddlewareNtNtBb_5tests15AxumTestServiceEINtCs4B2mWaNVICo_13tower_service7ServiceINtNtCs2r0awENAkXx_4http7request7RequestNtNtCs55YaL8KkWWx_9axum_core4body4BodyEE4call00Bb_
FNDA:1,_RNCNCNvXs0_NtCsfdW6lr23eMG_8welog_rs15axum_middlewareINtB9_15WelogMiddlewareNtNtBb_5tests15AxumTestServiceEINtCs4B2mWaNVICo_13tower_service7ServiceINtNtCs2r0awENAkXx_4http7request7RequestNtNtCs55YaL8KkWWx_9axum_core4body4BodyEE4call0s0_0Bb_
FNDA:5,_RNCNCNvXs0_NtCsfdW6lr23eMG_8welog_rs15axum_middlewareINtB9_15WelogMiddlewareNtNtBb_5tests15AxumTestServiceEINtCs4B2mWaNVICo_13tower_service7ServiceINtNtCs2r0awENAkXx_4http7request7RequestNtNtCs55YaL8KkWWx_9axum_core4body4BodyEE4call0s1_0Bb_
FNDA:5,_RNCNCNvXs0_NtCsfdW6lr23eMG_8welog_rs15axum_middlewareINtB9_15WelogMiddlewareNtNtBb_5tests15AxumTestServiceEINtCs4B2mWaNVICo_13tower_service7ServiceINtNtCs2r0awENAkXx_4http7request7RequestNtNtCs55YaL8KkWWx_9axum_core4body4BodyEE4call0s2_0Bb_
FNDA:1,_RNCNCNvXs0_NtCsfdW6lr23eMG_8welog_rs15axum_middlewareINtB9_15WelogMiddlewareNtNtBb_5tests15AxumTestServiceEINtCs4B2mWaNVICo_13tower_service7ServiceINtNtCs2r0awENAkXx_4http7request7RequestNtNtCs55YaL8KkWWx_9axum_core4body4BodyEE4call0s3_0Bb_
FNDA:1,_RNCNCNvXs0_NtCsfdW6lr23eMG_8welog_rs15axum_middlewareINtB9_15WelogMiddlewareNtNtBb_5tests15AxumTestServiceEINtCs4B2mWaNVICo_13tower_service7ServiceINtNtCs2r0awENAkXx_4http7request7RequestNtNtCs55YaL8KkWWx_9axum_core4body4BodyEE4call0s_0Bb_
FNDA:25,_RNCNvNtCsfdW6lr23eMG_8welog_rs15axum_middleware16header_to_string0B5_
FNDA:5,_RNCNvNtCsfdW6lr23eMG_8welog_rs15axum_middleware16header_to_strings_0B5_
FNDA:29,_RNCNvNtCsfdW6lr23eMG_8welog_rs15axum_middleware17extract_client_ip0B5_
FNDA:2,_RNCNvNtCsfdW6lr23eMG_8welog_rs15axum_middleware17extract_client_ips_0B5_
FNDA:1,_RNCNvNtCsfdW6lr23eMG_8welog_rs15axum_middleware8log_axum0B5_
FNDA:6,_RNCNvXs0_NtCsfdW6lr23eMG_8welog_rs15axum_middlewareINtB7_15WelogMiddlewareNtNtB9_5tests15AxumTestServiceEINtCs4B2mWaNVICo_13tower_service7ServiceINtNtCs2r0awENAkXx_4http7request7RequestNtNtCs55YaL8KkWWx_9axum_core4body4BodyEE4call0B9_
FNDA:6,_RNvXs0_NtCsfdW6lr23eMG_8welog_rs15axum_middlewareINtB5_15WelogMiddlewareNtNtB7_5tests15AxumTestServiceEINtCs4B2mWaNVICo_13tower_service7ServiceINtNtCs2r0awENAkXx_4http7request7RequestNtNtCs55YaL8KkWWx_9axum_core4body4BodyEE10poll_readyB7_
FNDA:6,_RNvXs0_NtCsfdW6lr23eMG_8welog_rs15axum_middlewareINtB5_15WelogMiddlewareNtNtB7_5tests15AxumTestServiceEINtCs4B2mWaNVICo_13tower_service7ServiceINtNtCs2r0awENAkXx_4http7request7RequestNtNtCs55YaL8KkWWx_9axum_core4body4BodyEE4callB7_
FNDA:6,_RNvXs_NtCsfdW6lr23eMG_8welog_rs15axum_middlewareNtB4_10WelogLayerINtCs7LXigWG8Jms_11tower_layer5LayerNtNtB6_5tests15AxumTestServiceE5layerB6_
FNDA:6,_RNvMNtCsfdW6lr23eMG_8welog_rs15axum_middlewareNtB2_12WelogContext10request_id
FNDA:1,_RNvMNtCsfdW6lr23eMG_8welog_rs15axum_middlewareNtB2_12WelogContext6logger
FNDA:2,_RNvNtCsfdW6lr23eMG_8welog_rs15axum_middleware15log_axum_client
FNDA:26,_RNvNtCsfdW6lr23eMG_8welog_rs15axum_middleware16header_to_string
FNDA:8,_RNvNtCsfdW6lr23eMG_8welog_rs15axum_middleware17extract_client_ip
FNDA:13,_RNvNtCsfdW6lr23eMG_8welog_rs15axum_middleware17version_to_string
FNDA:2,_RNvNtCsfdW6lr23eMG_8welog_rs15axum_middleware29test_force_invalid_request_id
FNDA:8,_RNvNtCsfdW6lr23eMG_8welog_rs15axum_middleware8log_axum
FNF:23
FNH:23
DA:64,6
DA:65,6
DA:66,6
DA:69,1
DA:70,1
DA:71,1
DA:75,2
DA:76,2
DA:77,2
DA:82,6
DA:83,6
DA:84,6
DA:98,6
DA:99,6
DA:100,6
DA:102,6
DA:103,6
DA:105,6
DA:106,6
DA:107,6
DA:110,6
DA:112,6
DA:113,6
DA:114,6
DA:116,6
DA:117,6
DA:118,6
DA:121,6
DA:122,6
DA:123,6
DA:125,6
DA:126,6
DA:127,6
DA:128,6
DA:129,6
DA:131,6
DA:132,6
DA:134,6
DA:135,5
DA:137,1
DA:141,6
DA:142,6
DA:143,6
DA:146,6
DA:147,6
DA:149,6
DA:150,6
DA:151,6
DA:152,6
DA:153,6
DA:156,6
DA:158,6
DA:161,6
DA:164,6
DA:165,5
DA:166,1
DA:170,5
DA:171,5
DA:172,5
DA:173,5
DA:174,5
DA:175,5
DA:178,5
DA:180,5
DA:183,5
DA:186,5
DA:187,5
DA:188,5
DA:189,5
DA:190,5
DA:191,5
DA:192,5
DA:193,5
DA:194,5
DA:195,5
DA:196,5
DA:197,5
DA:198,5
DA:201,5
DA:202,6
DA:203,6
DA:208,8
DA:209,8
DA:210,8
DA:211,8
DA:212,8
DA:213,8
DA:214,8
DA:215,8
DA:216,8
DA:217,8
DA:218,8
DA:219,8
DA:220,8
DA:221,8
DA:222,8
DA:225,8
DA:226,8
DA:227,3
DA:228,5
DA:230,8
DA:231,8
DA:232,3
DA:233,5
DA:235,8
DA:236,8
DA:238,8
DA:239,8
DA:240,8
DA:242,8
DA:244,8
DA:245,8
DA:246,8
DA:247,8
DA:249,8
DA:251,8
DA:252,8
DA:255,8
DA:256,8
DA:257,8
DA:258,8
DA:261,8
DA:263,8
DA:264,8
DA:265,8
DA:266,8
DA:267,8
DA:269,8
DA:270,8
DA:271,8
DA:273,8
DA:274,8
DA:275,8
DA:277,8
DA:278,8
DA:279,8
DA:280,8
DA:282,8
DA:283,8
DA:284,8
DA:286,8
DA:287,8
DA:288,8
DA:289,8
DA:290,8
DA:292,8
DA:293,8
DA:294,8
DA:295,8
DA:297,8
DA:298,8
DA:299,8
DA:301,8
DA:302,8
DA:303,8
DA:305,8
DA:306,8
DA:307,8
DA:308,8
DA:310,8
DA:311,8
DA:312,8
DA:314,8
DA:315,8
DA:317,8
DA:318,8
DA:323,2
DA:324,2
DA:325,2
DA:326,2
DA:327,1
DA:328,1
DA:329,2
DA:332,26
DA:333,26
DA:334,26
DA:335,26
DA:336,26
DA:337,26
DA:338,26
DA:339,26
DA:342,8
DA:343,8
DA:345,21
DA:346,21
DA:347,21
DA:348,29
DA:349,21
DA:351,2
DA:352,19
DA:355,6
DA:356,8
DA:358,13
DA:361,13
DA:375,13
BRF:0
BRH:0
LF:207
LH:207
end_of_record
SF:/home/doxa/IdeaProjects/welog_rs/src/grpc.rs
FN:632,_RNvXs1_NtCsfdW6lr23eMG_8welog_rs4grpcINtNtCseTMjC0jlqCk_5tonic8response8ResponseNtNtB7_5tests12BadSerializeEINtB5_12GrpcEnvelopeB1g_E7get_refB7_
FN:632,_RNvXs1_NtCsfdW6lr23eMG_8welog_rs4grpcINtNtCseTMjC0jlqCk_5tonic8response8ResponseNtNtB7_5tests7DemoResEINtB5_12GrpcEnvelopeB1g_E7get_refB7_
FN:626,_RNvXs0_NtCsfdW6lr23eMG_8welog_rs4grpcINtNtCseTMjC0jlqCk_5tonic7request7RequestNtNtB7_5tests12BadSerializeEINtB5_12GrpcEnvelopeB1e_E7get_refB7_
FN:626,_RNvXs0_NtCsfdW6lr23eMG_8welog_rs4grpcINtNtCseTMjC0jlqCk_5tonic7request7RequestNtNtB7_5tests7DemoReqEINtB5_12GrpcEnvelopeB1e_E7get_refB7_
FN:461,_RINvNtCsfdW6lr23eMG_8welog_rs4grpc11grpc_methodNtNtB4_5tests12BadSerializeEB4_
FN:461,_RINvNtCsfdW6lr23eMG_8welog_rs4grpc11grpc_methodNtNtB4_5tests7DemoReqEB4_
FN:233,_RINvNtCsfdW6lr23eMG_8welog_rs4grpc14ensure_contextNtNtB4_5tests12BadSerializeEB4_
FN:233,_RINvNtCsfdW6lr23eMG_8welog_rs4grpc14ensure_contextNtNtB4_5tests7DemoReqEB4_
FN:233,_RINvNtCsfdW6lr23eMG_8welog_rs4grpc14ensure_contextuEB4_
FN:256,_RINvNtCsfdW6lr23eMG_8welog_rs4grpc15capture_payloadNtNtB4_5tests12BadSerializeINtNtCseTMjC0jlqCk_5tonic7request7RequestBN_EEB4_
FN:256,_RINvNtCsfdW6lr23eMG_8welog_rs4grpc15capture_payloadNtNtB4_5tests12BadSerializeINtNtCseTMjC0jlqCk_5tonic8response8ResponseBN_EEB4_
FN:256,_RINvNtCsfdW6lr23eMG_8welog_rs4grpc15capture_payloadNtNtB4_5tests7DemoReqINtNtCseTMjC0jlqCk_5tonic7request7RequestBN_EEB4_
FN:256,_RINvNtCsfdW6lr23eMG_8welog_rs4grpc15capture_payloadNtNtB4_5tests7DemoResINtNtCseTMjC0jlqCk_5tonic8response8ResponseBN_EEB4_
FN:264,_RINvNtCsfdW6lr23eMG_8welog_rs4grpc17serialize_messageNtNtB4_5tests12BadSerializeEB4_
FN:264,_RINvNtCsfdW6lr23eMG_8welog_rs4grpc17serialize_messageNtNtB4_5tests7DemoReqEB4_
FN:264,_RINvNtCsfdW6lr23eMG_8welog_rs4grpc17serialize_messageNtNtB4_5tests7DemoResEB4_
FN:534,_RINvNtCsfdW6lr23eMG_8welog_rs4grpc19test_ensure_contextuEB4_
FN:88,_RINvNtCsfdW6lr23eMG_8welog_rs4grpc23with_grpc_unary_loggingNtNtB4_5tests12BadSerializeBV_NvBX_26grpc_bad_serialize_handlerNCB1p_0EB4_
FN:88,_RINvNtCsfdW6lr23eMG_8welog_rs4grpc23with_grpc_unary_loggingNtNtB4_5tests7DemoReqNtBX_7DemoResNvBX_17grpc_demo_handlerNCB1t_0EB4_
FN:158,_RINvNtCsfdW6lr23eMG_8welog_rs4grpc24with_grpc_stream_loggingNtNtB4_5tests7DemoReqNtBY_7DemoResNvBY_17grpc_demo_handlerNCB1u_0EB4_
FN:97,_RNCINvNtCsfdW6lr23eMG_8welog_rs4grpc23with_grpc_unary_loggingNtNtB6_5tests12BadSerializeBX_NvBZ_26grpc_bad_serialize_handlerNCB1r_0E0B6_
FN:97,_RNCINvNtCsfdW6lr23eMG_8welog_rs4grpc23with_grpc_unary_loggingNtNtB6_5tests7DemoReqNtBZ_7DemoResNvBZ_17grpc_demo_handlerNCB1v_0E0B6_
FN:168,_RNCINvNtCsfdW6lr23eMG_8welog_rs4grpc24with_grpc_stream_loggingNtNtB6_5tests7DemoReqNtB10_7DemoResNvB10_17grpc_demo_handlerNCB1x_0E0B6_
FN:307,_RNCNvNtCsfdW6lr23eMG_8welog_rs4grpc14log_grpc_unary0B5_
FN:373,_RNCNvNtCsfdW6lr23eMG_8welog_rs4grpc15log_grpc_stream0B5_
FN:429,_RNCNvNtCsfdW6lr23eMG_8welog_rs4grpc15metadata_to_map0B5_
FN:485,_RNCNvNtCsfdW6lr23eMG_8welog_rs4grpc16fetch_request_id0B5_
FN:505,_RNCNvNtCsfdW6lr23eMG_8welog_rs4grpc23request_id_metadata_key0B5_
FN:52,_RNvMNtCsfdW6lr23eMG_8welog_rs4grpcNtB2_11GrpcContext10request_id
FN:56,_RNvMNtCsfdW6lr23eMG_8welog_rs4grpcNtB2_11GrpcContext6logger
FN:473,_RNvNtCsfdW6lr23eMG_8welog_rs4grpc12peer_address
FN:292,_RNvNtCsfdW6lr23eMG_8welog_rs4grpc14log_grpc_unary
FN:508,_RNvNtCsfdW6lr23eMG_8welog_rs4grpc14set_request_id
FN:225,_RNvNtCsfdW6lr23eMG_8welog_rs4grpc15log_grpc_client
FN:358,_RNvNtCsfdW6lr23eMG_8welog_rs4grpc15log_grpc_stream
FN:420,_RNvNtCsfdW6lr23eMG_8welog_rs4grpc15metadata_to_map
FN:455,_RNvNtCsfdW6lr23eMG_8welog_rs4grpc15read_client_log
FN:483,_RNvNtCsfdW6lr23eMG_8welog_rs4grpc16fetch_request_id
FN:529,_RNvNtCsfdW6lr23eMG_8welog_rs4grpc19test_set_request_id
FN:238,_RNvNtCsfdW6lr23eMG_8welog_rs4grpc20ensure_context_parts
FN:554,_RNvNtCsfdW6lr23eMG_8welog_rs4grpc20test_serialize_value
FN:268,_RNvNtCsfdW6lr23eMG_8welog_rs4grpc22serialize_value_result
FN:494,_RNvNtCsfdW6lr23eMG_8welog_rs4grpc23request_id_metadata_key
FN:465,_RNvNtCsfdW6lr23eMG_8welog_rs4grpc27grpc_method_from_extensions
FN:549,_RNvNtCsfdW6lr23eMG_8welog_rs4grpc28test_request_id_metadata_key
FN:544,_RNvNtCsfdW6lr23eMG_8welog_rs4grpc29test_force_invalid_header_key
FN:559,_RNvNtCsfdW6lr23eMG_8welog_rs4grpc32test_log_grpc_unary_with_latency
FN:539,_RNvNtCsfdW6lr23eMG_8welog_rs4grpc33test_force_invalid_request_id_key
FN:590,_RNvNtCsfdW6lr23eMG_8welog_rs4grpc33test_log_grpc_stream_with_latency
FN:65,_RNvXs_NtCsfdW6lr23eMG_8welog_rs4grpcNtB4_20WelogGrpcInterceptorNtNtNtCseTMjC0jlqCk_5tonic7service11interceptor11Interceptor4call
FNDA:1,_RNvXs1_NtCsfdW6lr23eMG_8welog_rs4grpcINtNtCseTMjC0jlqCk_5tonic8response8ResponseNtNtB7_5tests12BadSerializeEINtB5_12GrpcEnvelopeB1g_E7get_refB7_
FNDA:4,_RNvXs1_NtCsfdW6lr23eMG_8welog_rs4grpcINtNtCseTMjC0jlqCk_5tonic8response8ResponseNtNtB7_5tests7DemoResEINtB5_12GrpcEnvelopeB1g_E7get_refB7_
FNDA:2,_RNvXs0_NtCsfdW6lr23eMG_8welog_rs4grpcINtNtCseTMjC0jlqCk_5tonic7request7RequestNtNtB7_5tests12BadSerializeEINtB5_12GrpcEnvelopeB1e_E7get_refB7_
FNDA:7,_RNvXs0_NtCsfdW6lr23eMG_8welog_rs4grpcINtNtCseTMjC0jlqCk_5tonic7request7RequestNtNtB7_5tests7DemoReqEINtB5_12GrpcEnvelopeB1e_E7get_refB7_
FNDA:2,_RINvNtCsfdW6lr23eMG_8welog_rs4grpc11grpc_methodNtNtB4_5tests12BadSerializeEB4_
FNDA:7,_RINvNtCsfdW6lr23eMG_8welog_rs4grpc11grpc_methodNtNtB4_5tests7DemoReqEB4_
FNDA:2,_RINvNtCsfdW6lr23eMG_8welog_rs4grpc14ensure_contextNtNtB4_5tests12BadSerializeEB4_
FNDA:7,_RINvNtCsfdW6lr23eMG_8welog_rs4grpc14ensure_contextNtNtB4_5tests7DemoReqEB4_
FNDA:1,_RINvNtCsfdW6lr23eMG_8welog_rs4grpc14ensure_contextuEB4_
FNDA:2,_RINvNtCsfdW6lr23eMG_8welog_rs4grpc15capture_payloadNtNtB4_5tests12BadSerializeINtNtCseTMjC0jlqCk_5tonic7request7RequestBN_EEB4_
FNDA:1,_RINvNtCsfdW6lr23eMG_8welog_rs4grpc15capture_payloadNtNtB4_5tests12BadSerializeINtNtCseTMjC0jlqCk_5tonic8response8ResponseBN_EEB4_
FNDA:7,_RINvNtCsfdW6lr23eMG_8welog_rs4grpc15capture_payloadNtNtB4_5tests7DemoReqINtNtCseTMjC0jlqCk_5tonic7request7RequestBN_EEB4_
FNDA:4,_RINvNtCsfdW6lr23eMG_8welog_rs4grpc15capture_payloadNtNtB4_5tests7DemoResINtNtCseTMjC0jlqCk_5tonic8response8ResponseBN_EEB4_
FNDA:3,_RINvNtCsfdW6lr23eMG_8welog_rs4grpc17serialize_messageNtNtB4_5tests12BadSerializeEB4_
FNDA:7,_RINvNtCsfdW6lr23eMG_8welog_rs4grpc17serialize_messageNtNtB4_5tests7DemoReqEB4_
FNDA:4,_RINvNtCsfdW6lr23eMG_8welog_rs4grpc17serialize_messageNtNtB4_5tests7DemoResEB4_
FNDA:1,_RINvNtCsfdW6lr23eMG_8welog_rs4grpc19test_ensure_contextuEB4_
FNDA:2,_RINvNtCsfdW6lr23eMG_8welog_rs4grpc23with_grpc_unary_loggingNtNtB4_5tests12BadSerializeBV_NvBX_26grpc_bad_serialize_handlerNCB1p_0EB4_
FNDA:5,_RINvNtCsfdW6lr23eMG_8welog_rs4grpc23with_grpc_unary_loggingNtNtB4_5tests7DemoReqNtBX_7DemoResNvBX_17grpc_demo_handlerNCB1t_0EB4_
FNDA:2,_RINvNtCsfdW6lr23eMG_8welog_rs4grpc24with_grpc_stream_loggingNtNtB4_5tests7DemoReqNtBY_7DemoResNvBY_17grpc_demo_handlerNCB1u_0EB4_
FNDA:2,_RNCINvNtCsfdW6lr23eMG_8welog_rs4grpc23with_grpc_unary_loggingNtNtB6_5tests12BadSerializeBX_NvBZ_26grpc_bad_serialize_handlerNCB1r_0E0B6_
FNDA:5,_RNCINvNtCsfdW6lr23eMG_8welog_rs4grpc23with_grpc_unary_loggingNtNtB6_5tests7DemoReqNtBZ_7DemoResNvBZ_17grpc_demo_handlerNCB1v_0E0B6_
FNDA:2,_RNCINvNtCsfdW6lr23eMG_8welog_rs4grpc24with_grpc_stream_loggingNtNtB6_5tests7DemoReqNtB10_7DemoResNvB10_17grpc_demo_handlerNCB1x_0E0B6_
FNDA:1,_RNCNvNtCsfdW6lr23eMG_8welog_rs4grpc14log_grpc_unary0B5_
FNDA:1,_RNCNvNtCsfdW6lr23eMG_8welog_rs4grpc15log_grpc_stream0B5_
FNDA:16,_RNCNvNtCsfdW6lr23eMG_8welog_rs4grpc15metadata_to_map0B5_
FNDA:2,_RNCNvNtCsfdW6lr23eMG_8welog_rs4grpc16fetch_request_id0B5_
FNDA:1,_RNCNvNtCsfdW6lr23eMG_8welog_rs4grpc23request_id_metadata_key0B5_
FNDA:3,_RNvMNtCsfdW6lr23eMG_8welog_rs4grpcNtB2_11GrpcContext10request_id
FNDA:1,_RNvMNtCsfdW6lr23eMG_8welog_rs4grpcNtB2_11GrpcContext6logger
FNDA:9,_RNvNtCsfdW6lr23eMG_8welog_rs4grpc12peer_address
FNDA:8,_RNvNtCsfdW6lr23eMG_8welog_rs4grpc14log_grpc_unary
FNDA:10,_RNvNtCsfdW6lr23eMG_8welog_rs4grpc14set_request_id
FNDA:2,_RNvNtCsfdW6lr23eMG_8welog_rs4grpc15log_grpc_client
FNDA:3,_RNvNtCsfdW6lr23eMG_8welog_rs4grpc15log_grpc_stream
FNDA:11,_RNvNtCsfdW6lr23eMG_8welog_rs4grpc15metadata_to_map
FNDA:11,_RNvNtCsfdW6lr23eMG_8welog_rs4grpc15read_client_log
FNDA:3,_RNvNtCsfdW6lr23eMG_8welog_rs4grpc16fetch_request_id
FNDA:2,_RNvNtCsfdW6lr23eMG_8welog_rs4grpc19test_set_request_id
FNDA:10,_RNvNtCsfdW6lr23eMG_8welog_rs4grpc20ensure_context_parts
FNDA:1,_RNvNtCsfdW6lr23eMG_8welog_rs4grpc20test_serialize_value
FNDA:15,_RNvNtCsfdW6lr23eMG_8welog_rs4grpc22serialize_value_result
FNDA:14,_RNvNtCsfdW6lr23eMG_8welog_rs4grpc23request_id_metadata_key
FNDA:9,_RNvNtCsfdW6lr23eMG_8welog_rs4grpc27grpc_method_from_extensions
FNDA:1,_RNvNtCsfdW6lr23eMG_8welog_rs4grpc28test_request_id_metadata_key
FNDA:2,_RNvNtCsfdW6lr23eMG_8welog_rs4grpc29test_force_invalid_header_key
FNDA:1,_RNvNtCsfdW6lr23eMG_8welog_rs4grpc32test_log_grpc_unary_with_latency
FNDA:2,_RNvNtCsfdW6lr23eMG_8welog_rs4grpc33test_force_invalid_request_id_key
FNDA:1,_RNvNtCsfdW6lr23eMG_8welog_rs4grpc33test_log_grpc_stream_with_latency
FNDA:2,_RNvXs_NtCsfdW6lr23eMG_8welog_rs4grpcNtB4_20WelogGrpcInterceptorNtNtNtCseTMjC0jlqCk_5tonic7service11interceptor11Interceptor4call
FNF:38
FNH:38
DA:52,3
DA:53,3
DA:54,3
DA:56,1
DA:57,1
DA:58,1
DA:65,2
DA:66,2
DA:67,2
DA:68,1
DA:70,1
DA:73,2
DA:75,2
DA:76,2
DA:77,2
DA:78,2
DA:79,2
DA:81,2
DA:83,2
DA:84,2
DA:88,7
DA:89,7
DA:90,7
DA:91,7
DA:92,7
DA:93,7
DA:94,7
DA:95,7
DA:96,7
DA:97,7
DA:98,7
DA:99,7
DA:101,7
DA:103,7
DA:104,7
DA:105,7
DA:106,7
DA:108,7
DA:109,7
DA:111,7
DA:112,5
DA:113,5
DA:115,5
DA:117,5
DA:118,5
DA:119,5
DA:120,5
DA:121,5
DA:122,5
DA:123,5
DA:124,5
DA:125,5
DA:126,5
DA:127,5
DA:128,5
DA:129,5
DA:132,5
DA:134,2
DA:135,2
DA:136,2
DA:137,2
DA:138,2
DA:139,2
DA:140,2
DA:141,2
DA:142,2
DA:143,2
DA:144,2
DA:145,2
DA:146,2
DA:147,2
DA:150,2
DA:153,7
DA:158,2
DA:159,2
DA:160,2
DA:161,2
DA:162,2
DA:163,2
DA:164,2
DA:165,2
DA:166,2
DA:167,2
DA:168,2
DA:169,2
DA:170,2
DA:172,2
DA:174,2
DA:175,2
DA:176,2
DA:177,2
DA:179,2
DA:180,2
DA:182,2
DA:183,1
DA:184,1
DA:186,1
DA:187,1
DA:188,1
DA:189,1
DA:190,1
DA:191,1
DA:192,1
DA:193,1
DA:194,1
DA:195,1
DA:196,1
DA:197,1
DA:198,1
DA:201,1
DA:203,1
DA:204,1
DA:205,1
DA:206,1
DA:207,1
DA:208,1
DA:209,1
DA:210,1
DA:211,1
DA:212,1
DA:213,1
DA:214,1
DA:215,1
DA:216,1
DA:219,1
DA:222,2
DA:225,2
DA:226,2
DA:227,2
DA:228,2
DA:229,1
DA:230,1
DA:231,2
DA:233,10
DA:234,10
DA:235,10
DA:236,10
DA:238,10
DA:239,10
DA:240,10
DA:241,10
DA:242,10
DA:243,9
DA:244,1
DA:246,1
DA:247,1
DA:248,1
DA:249,1
DA:250,1
DA:251,1
DA:252,1
DA:253,1
DA:254,10
DA:256,14
DA:257,14
DA:258,14
DA:259,14
DA:261,14
DA:262,14
DA:264,14
DA:265,14
DA:266,14
DA:268,15
DA:269,15
DA:270,15
DA:271,15
DA:274,12
DA:275,11
DA:276,11
DA:277,11
DA:278,11
DA:279,11
DA:280,1
DA:281,1
DA:282,1
DA:283,3
DA:284,3
DA:285,3
DA:288,15
DA:289,15
DA:292,8
DA:293,8
DA:294,8
DA:295,8
DA:296,8
DA:297,8
DA:298,8
DA:299,8
DA:300,8
DA:301,8
DA:302,8
DA:303,8
DA:304,8
DA:305,8
DA:306,8
DA:307,8
DA:309,8
DA:311,8
DA:312,8
DA:313,8
DA:314,8
DA:315,8
DA:317,8
DA:318,8
DA:319,8
DA:321,8
DA:322,8
DA:323,8
DA:324,8
DA:326,8
DA:327,8
DA:328,8
DA:330,8
DA:331,8
DA:332,8
DA:333,8
DA:335,8
DA:336,8
DA:337,8
DA:338,8
DA:340,8
DA:341,8
DA:342,8
DA:344,8
DA:345,8
DA:346,8
DA:348,8
DA:349,8
DA:350,8
DA:351,8
DA:354,8
DA:355,8
DA:358,3
DA:359,3
DA:360,3
DA:361,3
DA:362,3
DA:363,3
DA:364,3
DA:365,3
DA:366,3
DA:367,3
DA:368,3
DA:369,3
DA:370,3
DA:371,3
DA:372,3
DA:373,3
DA:375,3
DA:377,3
DA:378,3
DA:379,3
DA:380,3
DA:382,3
DA:383,3
DA:384,3
DA:385,3
DA:387,3
DA:388,3
DA:389,3
DA:391,3
DA:392,3
DA:393,3
DA:394,3
DA:395,3
DA:396,3
DA:398,3
DA:399,3
DA:400,3
DA:402,3
DA:403,3
DA:404,3
DA:406,3
DA:407,3
DA:408,3
DA:409,3
DA:410,3
DA:412,3
DA:413,3
DA:414,3
DA:417,3
DA:418,3
DA:420,11
DA:423,11
DA:425,17
DA:426,17
DA:427,16
DA:428,16
DA:429,16
DA:430,16
DA:432,1
DA:433,1
DA:434,1
DA:435,1
DA:436,1
DA:440,11
DA:441,16
DA:442,16
DA:443,15
DA:444,15
DA:445,1
DA:446,1
DA:447,1
DA:448,1
DA:449,1
DA:452,11
DA:453,11
DA:455,11
DA:456,11
DA:457,11
DA:458,11
DA:459,11
DA:461,9
DA:462,9
DA:463,9
DA:465,9
DA:466,9
DA:467,8
DA:468,1
DA:470,1
DA:471,9
DA:473,9
DA:474,9
DA:475,1
DA:477,1
DA:478,8
DA:480,8
DA:481,9
DA:483,3
DA:484,3
DA:485,3
DA:486,2
DA:488,2
DA:489,1
DA:491,1
DA:492,3
DA:494,14
DA:496,14
DA:497,1
DA:499,13
DA:504,14
DA:505,14
DA:506,14
DA:508,10
DA:509,10
DA:510,10
DA:511,9
DA:513,9
DA:514,1
DA:516,8
DA:520,9
DA:522,9
DA:523,8
DA:524,8
DA:525,1
DA:526,10
DA:529,2
DA:530,2
DA:531,2
DA:534,1
DA:535,1
DA:536,1
DA:539,2
DA:540,2
DA:541,2
DA:544,2
DA:545,2
DA:546,2
DA:549,1
DA:550,1
DA:551,1
DA:554,1
DA:555,1
DA:556,1
DA:559,1
DA:562,1
DA:563,1
DA:564,1
DA:565,1
DA:566,1
DA:567,1
DA:568,1
DA:569,1
DA:571,1
DA:572,1
DA:573,1
DA:574,1
DA:575,1
DA:576,1
DA:577,1
DA:578,1
DA:579,1
DA:580,1
DA:581,1
DA:582,1
DA:583,1
DA:586,1
DA:587,1
DA:590,1
DA:593,1
DA:594,1
DA:595,1
DA:596,1
DA:597,1
DA:598,1
DA:599,1
DA:600,1
DA:602,1
DA:603,1
DA:604,1
DA:605,1
DA:606,1
DA:607,1
DA:608,1
DA:609,1
DA:610,1
DA:611,1
DA:612,1
DA:617,1
DA:618,1
DA:626,9
DA:627,9
DA:628,9
DA:632,5
DA:633,5
DA:634,5
BRF:0
BRH:0
LF:431
LH:431
end_of_record
SF:/home/doxa/IdeaProjects/welog_rs/src/lib.rs
FN:30,_RNvCsfdW6lr23eMG_8welog_rs10set_config
FNDA:1,_RNvCsfdW6lr23eMG_8welog_rs10set_config
FNF:1
FNH:1
DA:30,1
DA:35,1
DA:36,1
DA:37,1
DA:38,1
DA:39,1
DA:40,1
DA:41,1
BRF:0
BRH:0
LF:8
LH:8
end_of_record
SF:/home/doxa/IdeaProjects/welog_rs/src/logger.rs
FN:104,_RNvMNtCsfdW6lr23eMG_8welog_rs6loggerNtB2_6Logger12new_from_env
FN:144,_RNvMNtCsfdW6lr23eMG_8welog_rs6loggerNtB2_6Logger3log
FN:100,_RNvMNtCsfdW6lr23eMG_8welog_rs6loggerNtB2_6Logger6global
FN:395,_RNvMs_NtCsfdW6lr23eMG_8welog_rs6loggerNtB4_11LoggerInner14write_fallback
FN:460,_RNvMs_NtCsfdW6lr23eMG_8welog_rs6loggerNtB4_11LoggerInner15append_fallback
FN:341,_RNvMs_NtCsfdW6lr23eMG_8welog_rs6loggerNtB4_11LoggerInner15send_to_elastic
FN:475,_RNvMs_NtCsfdW6lr23eMG_8welog_rs6loggerNtB4_11LoggerInner17trim_oldest_lines
FN:418,_RNvMs_NtCsfdW6lr23eMG_8welog_rs6loggerNtB4_11LoggerInner20build_fallback_bytes
FN:441,_RNvMs_NtCsfdW6lr23eMG_8welog_rs6loggerNtB4_11LoggerInner20ensure_fallback_file
FN:448,_RNvMs_NtCsfdW6lr23eMG_8welog_rs6loggerNtB4_11LoggerInner24ensure_fallback_capacity
FN:469,_RNvMs_NtCsfdW6lr23eMG_8welog_rs6loggerNtB4_11LoggerInner9file_size
FN:301,_RNvNtCsfdW6lr23eMG_8welog_rs6logger10test_inner
FN:327,_RNvNtCsfdW6lr23eMG_8welog_rs6logger11worker_loop
FN:794,_RNvNtCsfdW6lr23eMG_8welog_rs6logger13ensure_object
FN:822,_RNvNtCsfdW6lr23eMG_8welog_rs6logger14duration_nanos
FN:514,_RNvNtCsfdW6lr23eMG_8welog_rs6logger15enrich_with_ecs
FN:808,_RNvNtCsfdW6lr23eMG_8welog_rs6logger15field_as_string
FN:815,_RNvNtCsfdW6lr23eMG_8welog_rs6logger15parse_timestamp
FN:263,_RNvNtCsfdW6lr23eMG_8welog_rs6logger17test_new_from_env
FN:762,_RNvNtCsfdW6lr23eMG_8welog_rs6logger18fallback_max_bytes
FN:750,_RNvNtCsfdW6lr23eMG_8welog_rs6logger18serialize_fallback
FN:277,_RNvNtCsfdW6lr23eMG_8welog_rs6logger19test_duration_nanos
FN:292,_RNvNtCsfdW6lr23eMG_8welog_rs6logger19test_write_fallback
FN:322,_RNvNtCsfdW6lr23eMG_8welog_rs6logger20run_worker_with_path
FN:738,_RNvNtCsfdW6lr23eMG_8welog_rs6logger20serialize_for_stdout
FN:715,_RNvNtCsfdW6lr23eMG_8welog_rs6logger21test_elastic_response
FN:282,_RNvNtCsfdW6lr23eMG_8welog_rs6logger22test_trim_oldest_lines
FN:774,_RNvNtCsfdW6lr23eMG_8welog_rs6logger23insert_nested_if_absent
FN:173,_RNvNtCsfdW6lr23eMG_8welog_rs6logger23test_logger_with_sender
FN:258,_RNvNtCsfdW6lr23eMG_8welog_rs6logger25test_build_fallback_bytes
FN:238,_RNvNtCsfdW6lr23eMG_8welog_rs6logger27test_set_fallback_max_bytes
FN:268,_RNvNtCsfdW6lr23eMG_8welog_rs6logger28test_insert_nested_if_absent
FN:253,_RNvNtCsfdW6lr23eMG_8welog_rs6logger28test_set_elastic_behavior_io
FN:243,_RNvNtCsfdW6lr23eMG_8welog_rs6logger28test_set_elastic_behavior_ok
FN:233,_RNvNtCsfdW6lr23eMG_8welog_rs6logger31test_force_write_fallback_error
FN:195,_RNvNtCsfdW6lr23eMG_8welog_rs6logger32test_send_to_elastic_with_config
FN:248,_RNvNtCsfdW6lr23eMG_8welog_rs6logger32test_set_elastic_behavior_status
FN:223,_RNvNtCsfdW6lr23eMG_8welog_rs6logger33test_force_stdout_serialize_error
FN:228,_RNvNtCsfdW6lr23eMG_8welog_rs6logger35test_force_fallback_serialize_error
FN:287,_RNvNtCsfdW6lr23eMG_8welog_rs6logger35test_send_to_elastic_without_config
FN:168,_RNvNtCsfdW6lr23eMG_8welog_rs6logger6logger
FN:117,_RNCNvMNtCsfdW6lr23eMG_8welog_rs6loggerNtB4_6Logger12new_from_env0B6_
FN:136,_RNCNvMNtCsfdW6lr23eMG_8welog_rs6loggerNtB4_6Logger12new_from_envs0_0B6_
FN:118,_RNCNvMNtCsfdW6lr23eMG_8welog_rs6loggerNtB4_6Logger12new_from_envs_0B6_
FN:350,_RNCNvMs_NtCsfdW6lr23eMG_8welog_rs6loggerNtB6_11LoggerInner15send_to_elastic0B8_
FN:371,_RNCNvMs_NtCsfdW6lr23eMG_8welog_rs6loggerNtB6_11LoggerInner15send_to_elastics_0B8_
FN:429,_RNCNvMs_NtCsfdW6lr23eMG_8welog_rs6loggerNtB6_11LoggerInner20build_fallback_bytes0B8_
FN:796,_RNCNvNtCsfdW6lr23eMG_8welog_rs6logger13ensure_object0B5_
FN:801,_RNCNvNtCsfdW6lr23eMG_8welog_rs6logger13ensure_objects_0B5_
FN:614,_RNCNvNtCsfdW6lr23eMG_8welog_rs6logger15enrich_with_ecs0B5_
FN:697,_RNCNvNtCsfdW6lr23eMG_8welog_rs6logger15enrich_with_ecss0_0B5_
FN:665,_RNCNvNtCsfdW6lr23eMG_8welog_rs6logger15enrich_with_ecss_0B5_
FN:812,_RNCNvNtCsfdW6lr23eMG_8welog_rs6logger15field_as_string0B5_
FN:818,_RNCNvNtCsfdW6lr23eMG_8welog_rs6logger15parse_timestamp0B5_
FN:819,_RNCNvNtCsfdW6lr23eMG_8welog_rs6logger15parse_timestamps_0B5_
FN:210,_RNCNvNtCsfdW6lr23eMG_8welog_rs6logger32test_send_to_elastic_with_config0B5_
FN:212,_RNCNvNtCsfdW6lr23eMG_8welog_rs6logger32test_send_to_elastic_with_configs0_0B5_
FN:211,_RNCNvNtCsfdW6lr23eMG_8welog_rs6logger32test_send_to_elastic_with_configs_0B5_
FNDA:3,_RNvMNtCsfdW6lr23eMG_8welog_rs6loggerNtB2_6Logger12new_from_env
FNDA:1025,_RNvMNtCsfdW6lr23eMG_8welog_rs6loggerNtB2_6Logger3log
FNDA:14,_RNvMNtCsfdW6lr23eMG_8welog_rs6loggerNtB2_6Logger6global
FNDA:12,_RNvMs_NtCsfdW6lr23eMG_8welog_rs6loggerNtB4_11LoggerInner14write_fallback
FNDA:8,_RNvMs_NtCsfdW6lr23eMG_8welog_rs6loggerNtB4_11LoggerInner15append_fallback
FNDA:14,_RNvMs_NtCsfdW6lr23eMG_8welog_rs6loggerNtB4_11LoggerInner15send_to_elastic
FNDA:2,_RNvMs_NtCsfdW6lr23eMG_8welog_rs6loggerNtB4_11LoggerInner17trim_oldest_lines
FNDA:12,_RNvMs_NtCsfdW6lr23eMG_8welog_rs6loggerNtB4_11LoggerInner20build_fallback_bytes
FNDA:8,_RNvMs_NtCsfdW6lr23eMG_8welog_rs6loggerNtB4_11LoggerInner20ensure_fallback_file
FNDA:8,_RNvMs_NtCsfdW6lr23eMG_8welog_rs6loggerNtB4_11LoggerInner24ensure_fallback_capacity
FNDA:8,_RNvMs_NtCsfdW6lr23eMG_8welog_rs6loggerNtB4_11LoggerInner9file_size
FNDA:11,_RNvNtCsfdW6lr23eMG_8welog_rs6logger10test_inner
FNDA:5,_RNvNtCsfdW6lr23eMG_8welog_rs6logger11worker_loop
FNDA:5380,_RNvNtCsfdW6lr23eMG_8welog_rs6logger13ensure_object
FNDA:21,_RNvNtCsfdW6lr23eMG_8welog_rs6logger14duration_nanos
FNDA:1025,_RNvNtCsfdW6lr23eMG_8welog_rs6logger15enrich_with_ecs
FNDA:11275,_RNvNtCsfdW6lr23eMG_8welog_rs6logger15field_as_string
FNDA:2050,_RNvNtCsfdW6lr23eMG_8welog_rs6logger15parse_timestamp
FNDA:2,_RNvNtCsfdW6lr23eMG_8welog_rs6logger17test_new_from_env
FNDA:18,_RNvNtCsfdW6lr23eMG_8welog_rs6logger18fallback_max_bytes
FNDA:12,_RNvNtCsfdW6lr23eMG_8welog_rs6logger18serialize_fallback
FNDA:1,_RNvNtCsfdW6lr23eMG_8welog_rs6logger19test_duration_nanos
FNDA:5,_RNvNtCsfdW6lr23eMG_8welog_rs6logger19test_write_fallback
FNDA:2,_RNvNtCsfdW6lr23eMG_8welog_rs6logger20run_worker_with_path
FNDA:1025,_RNvNtCsfdW6lr23eMG_8welog_rs6logger20serialize_for_stdout
FNDA:6,_RNvNtCsfdW6lr23eMG_8welog_rs6logger21test_elastic_response
FNDA:1,_RNvNtCsfdW6lr23eMG_8welog_rs6logger22test_trim_oldest_lines
FNDA:5309,_RNvNtCsfdW6lr23eMG_8welog_rs6logger23insert_nested_if_absent
FNDA:20,_RNvNtCsfdW6lr23eMG_8welog_rs6logger23test_logger_with_sender
FNDA:2,_RNvNtCsfdW6lr23eMG_8welog_rs6logger25test_build_fallback_bytes
FNDA:4,_RNvNtCsfdW6lr23eMG_8welog_rs6logger27test_set_fallback_max_bytes
FNDA:2,_RNvNtCsfdW6lr23eMG_8welog_rs6logger28test_insert_nested_if_absent
FNDA:1,_RNvNtCsfdW6lr23eMG_8welog_rs6logger28test_set_elastic_behavior_io
FNDA:3,_RNvNtCsfdW6lr23eMG_8welog_rs6logger28test_set_elastic_behavior_ok
FNDA:2,_RNvNtCsfdW6lr23eMG_8welog_rs6logger31test_force_write_fallback_error
FNDA:6,_RNvNtCsfdW6lr23eMG_8welog_rs6logger32test_send_to_elastic_with_config
FNDA:1,_RNvNtCsfdW6lr23eMG_8welog_rs6logger32test_set_elastic_behavior_status
FNDA:2,_RNvNtCsfdW6lr23eMG_8welog_rs6logger33test_force_stdout_serialize_error
FNDA:4,_RNvNtCsfdW6lr23eMG_8welog_rs6logger35test_force_fallback_serialize_error
FNDA:1,_RNvNtCsfdW6lr23eMG_8welog_rs6logger35test_send_to_elastic_without_config
FNDA:14,_RNvNtCsfdW6lr23eMG_8welog_rs6logger6logger
FNDA:2,_RNCNvMNtCsfdW6lr23eMG_8welog_rs6loggerNtB4_6Logger12new_from_env0B6_
FNDA:3,_RNCNvMNtCsfdW6lr23eMG_8welog_rs6loggerNtB4_6Logger12new_from_envs0_0B6_
FNDA:1,_RNCNvMNtCsfdW6lr23eMG_8welog_rs6loggerNtB4_6Logger12new_from_envs_0B6_
FNDA:6,_RNCNvMs_NtCsfdW6lr23eMG_8welog_rs6loggerNtB6_11LoggerInner15send_to_elastic0B8_
FNDA:1,_RNCNvMs_NtCsfdW6lr23eMG_8welog_rs6loggerNtB6_11LoggerInner15send_to_elastics_0B8_
FNDA:2,_RNCNvMs_NtCsfdW6lr23eMG_8welog_rs6loggerNtB6_11LoggerInner20build_fallback_bytes0B8_
FNDA:3208,_RNCNvNtCsfdW6lr23eMG_8welog_rs6logger13ensure_object0B5_
FNDA:2172,_RNCNvNtCsfdW6lr23eMG_8welog_rs6logger13ensure_objects_0B5_
FNDA:8,_RNCNvNtCsfdW6lr23eMG_8welog_rs6logger15enrich_with_ecs0B5_
FNDA:8,_RNCNvNtCsfdW6lr23eMG_8welog_rs6logger15enrich_with_ecss0_0B5_
FNDA:20,_RNCNvNtCsfdW6lr23eMG_8welog_rs6logger15enrich_with_ecss_0B5_
FNDA:111,_RNCNvNtCsfdW6lr23eMG_8welog_rs6logger15field_as_string0B5_
FNDA:41,_RNCNvNtCsfdW6lr23eMG_8welog_rs6logger15parse_timestamp0B5_
FNDA:41,_RNCNvNtCsfdW6lr23eMG_8welog_rs6logger15parse_timestamps_0B5_
FNDA:6,_RNCNvNtCsfdW6lr23eMG_8welog_rs6logger32test_send_to_elastic_with_config0B5_
FNDA:1,_RNCNvNtCsfdW6lr23eMG_8welog_rs6logger32test_send_to_elastic_with_configs0_0B5_
FNDA:1,_RNCNvNtCsfdW6lr23eMG_8welog_rs6logger32test_send_to_elastic_with_configs_0B5_
FNF:58
FNH:58
DA:100,14
DA:101,14
DA:102,14
DA:104,3
DA:105,3
DA:106,3
DA:107,3
DA:108,3
DA:110,3
DA:111,3
DA:112,3
DA:113,3
DA:115,3
DA:116,3
DA:117,3
DA:118,3
DA:119,3
DA:121,3
DA:123,3
DA:124,3
DA:125,3
DA:126,3
DA:127,3
DA:128,3
DA:129,3
DA:130,3
DA:131,3
DA:132,3
DA:133,3
DA:135,3
DA:136,3
DA:138,3
DA:139,3
DA:144,1025
DA:145,1025
DA:147,1025
DA:148,1017
DA:149,8
DA:152,1025
DA:153,22
DA:154,1
DA:155,1
DA:156,1
DA:158,1002
DA:159,1002
DA:160,4
DA:161,998
DA:164,1025
DA:168,14
DA:169,14
DA:170,14
DA:173,20
DA:174,20
DA:175,20
DA:176,20
DA:177,20
DA:179,20
DA:180,20
DA:181,20
DA:182,20
DA:183,20
DA:184,20
DA:185,20
DA:186,20
DA:187,20
DA:188,20
DA:189,20
DA:190,20
DA:191,20
DA:192,20
DA:195,6
DA:196,6
DA:197,6
DA:198,6
DA:199,6
DA:200,6
DA:201,6
DA:202,6
DA:203,6
DA:204,6
DA:205,6
DA:206,6
DA:207,6
DA:208,6
DA:209,6
DA:210,6
DA:211,6
DA:212,6
DA:213,6
DA:214,6
DA:215,6
DA:216,6
DA:219,6
DA:220,6
DA:223,2
DA:224,2
DA:225,2
DA:228,4
DA:229,4
DA:230,4
DA:233,2
DA:234,2
DA:235,2
DA:238,4
DA:239,4
DA:240,4
DA:243,3
DA:244,3
DA:245,3
DA:248,1
DA:249,1
DA:250,1
DA:253,1
DA:254,1
DA:255,1
DA:258,2
DA:259,2
DA:260,2
DA:263,2
DA:264,2
DA:265,2
DA:268,2
DA:269,2
DA:270,2
DA:271,2
DA:272,2
DA:273,2
DA:274,2
DA:277,1
DA:278,1
DA:279,1
DA:282,1
DA:283,1
DA:284,1
DA:287,1
DA:288,1
DA:289,1
DA:292,5
DA:293,5
DA:294,5
DA:295,5
DA:296,5
DA:297,5
DA:298,5
DA:301,11
DA:302,11
DA:303,11
DA:304,11
DA:305,11
DA:306,11
DA:308,11
DA:309,11
DA:310,11
DA:311,11
DA:312,11
DA:313,11
DA:314,11
DA:315,11
DA:316,11
DA:317,11
DA:318,11
DA:319,11
DA:322,2
DA:323,2
DA:324,2
DA:325,2
DA:327,5
DA:328,12
DA:329,7
DA:330,7
DA:331,2
DA:332,2
DA:333,2
DA:334,2
DA:335,2
DA:336,5
DA:338,5
DA:341,14
DA:342,6
DA:343,6
DA:344,8
DA:347,6
DA:348,6
DA:349,6
DA:350,6
DA:351,6
DA:354,6
DA:356,6
DA:358,6
DA:360,6
DA:361,1
DA:362,1
DA:363,1
DA:364,5
DA:366,6
DA:368,6
DA:371,6
DA:372,1
DA:373,1
DA:374,1
DA:375,1
DA:376,1
DA:380,4
DA:381,2
DA:382,1
DA:383,1
DA:385,3
DA:388,2
DA:389,1
DA:390,1
DA:392,1
DA:393,14
DA:395,12
DA:397,12
DA:398,2
DA:399,2
DA:400,2
DA:401,2
DA:402,10
DA:404,10
DA:405,10
DA:406,2
DA:407,8
DA:409,8
DA:411,8
DA:412,8
DA:413,8
DA:415,8
DA:416,12
DA:418,12
DA:419,12
DA:420,124
DA:421,124
DA:422,124
DA:424,12
DA:425,7
DA:426,7
DA:428,12
DA:429,12
DA:430,2
DA:431,2
DA:432,2
DA:434,12
DA:435,10
DA:436,10
DA:438,12
DA:439,12
DA:441,8
DA:442,8
DA:443,1
DA:444,7
DA:445,8
DA:446,8
DA:448,8
DA:449,8
DA:450,8
DA:452,8
DA:453,7
DA:454,1
DA:456,1
DA:457,1
DA:458,8
DA:460,8
DA:461,8
DA:462,8
DA:463,8
DA:464,8
DA:465,8
DA:466,8
DA:467,8
DA:469,8
DA:470,8
DA:471,8
DA:475,2
DA:476,2
DA:477,2
DA:479,2
DA:481,2
DA:483,2
DA:484,2
DA:487,4
DA:488,4
DA:489,4
DA:490,4
DA:492,2
DA:493,2
DA:494,2
DA:495,2
DA:496,2
DA:500,4
DA:501,2
DA:502,2
DA:503,2
DA:505,2
DA:506,2
DA:508,2
DA:510,2
DA:511,2
DA:514,1025
DA:515,1025
DA:516,1025
DA:518,1025
DA:520,1025
DA:521,1025
DA:522,1025
DA:524,1025
DA:525,1025
DA:526,1025
DA:528,1025
DA:529,1025
DA:530,1025
DA:531,1025
DA:534,1025
DA:535,1025
DA:536,1025
DA:537,1025
DA:540,1025
DA:541,1025
DA:542,1025
DA:543,1025
DA:545,1025
DA:546,1025
DA:547,1025
DA:548,1025
DA:550,1025
DA:551,1025
DA:552,1025
DA:553,1025
DA:556,1025
DA:557,21
DA:558,21
DA:559,21
DA:560,21
DA:565,21
DA:566,20
DA:567,20
DA:568,20
DA:569,20
DA:570,20
DA:571,20
DA:572,20
DA:586,1004
DA:588,1025
DA:589,8
DA:590,8
DA:591,8
DA:592,8
DA:593,8
DA:594,1017
DA:596,1025
DA:597,8
DA:598,8
DA:599,8
DA:600,8
DA:601,8
DA:602,1017
DA:604,1025
DA:605,8
DA:606,8
DA:607,8
DA:608,8
DA:609,8
DA:610,1017
DA:612,1025
DA:613,1025
DA:614,1025
DA:615,1025
DA:616,8
DA:617,8
DA:618,8
DA:619,8
DA:620,8
DA:621,8
DA:622,1017
DA:624,1025
DA:625,8
DA:626,1017
DA:628,1025
DA:629,8
DA:630,1017
DA:632,1025
DA:633,8
DA:634,1
DA:635,1
DA:636,1024
DA:638,1025
DA:639,8
DA:640,1
DA:641,1
DA:642,1024
DA:644,1025
DA:645,8
DA:646,8
DA:647,8
DA:648,8
DA:649,8
DA:650,1017
DA:652,1025
DA:653,20
DA:654,20
DA:655,20
DA:656,20
DA:659,20
DA:663,20
DA:664,20
DA:665,20
DA:666,20
DA:667,20
DA:668,20
DA:669,20
DA:679,1005
DA:681,1025
DA:682,8
DA:683,8
DA:684,8
DA:685,1017
DA:687,1025
DA:688,8
DA:689,8
DA:690,8
DA:691,8
DA:692,8
DA:693,1017
DA:695,1025
DA:696,1025
DA:697,1025
DA:698,1025
DA:699,8
DA:700,8
DA:701,8
DA:702,8
DA:703,8
DA:704,8
DA:705,1017
DA:707,1025
DA:708,19
DA:709,1006
DA:711,1025
DA:712,1025
DA:715,6
DA:716,6
DA:717,5
DA:718,3
DA:719,3
DA:720,3
DA:721,3
DA:722,3
DA:723,3
DA:724,3
DA:725,2
DA:726,1
DA:729,1
DA:730,1
DA:731,1
DA:732,1
DA:733,1
DA:735,5
DA:736,6
DA:738,1025
DA:741,1025
DA:743,8
DA:744,1017
DA:747,1017
DA:748,1025
DA:750,12
DA:753,12
DA:755,2
DA:756,10
DA:759,10
DA:760,12
DA:762,18
DA:765,18
DA:766,18
DA:767,4
DA:768,14
DA:771,14
DA:772,18
DA:774,5309
DA:775,5309
DA:776,1
DA:777,5308
DA:779,5308
DA:780,20
DA:781,20
DA:782,5288
DA:784,5288
DA:785,5288
DA:786,92
DA:787,92
DA:789,5288
DA:790,5288
DA:791,5288
DA:792,5309
DA:794,5380
DA:795,5380
DA:796,5380
DA:797,3208
DA:798,1004
DA:799,2204
DA:800,3208
DA:801,5380
DA:803,5380
DA:804,5380
DA:805,5380
DA:806,5380
DA:808,11275
DA:809,11275
DA:810,11275
DA:811,11275
DA:812,11275
DA:813,11275
DA:815,2050
DA:816,2050
DA:817,2050
DA:818,2050
DA:819,2050
DA:820,2050
DA:822,21
DA:824,21
DA:825,21
DA:826,21
DA:827,21
DA:830,21
DA:831,1
DA:832,20
DA:833,20
DA:834,21
BRF:0
BRH:0
LF:544
LH:544
end_of_record
SF:/home/doxa/IdeaProjects/welog_rs/src/util.rs
FN:11,_RNvNtCsfdW6lr23eMG_8welog_rs4util13header_to_map
FN:26,_RNvNtCsfdW6lr23eMG_8welog_rs4util23build_target_log_fields
FN:41,_RNCNvNtCsfdW6lr23eMG_8welog_rs4util23build_target_log_fields0B5_
FNDA:17,_RNvNtCsfdW6lr23eMG_8welog_rs4util13header_to_map
FNDA:9,_RNvNtCsfdW6lr23eMG_8welog_rs4util23build_target_log_fields
FNDA:1,_RNCNvNtCsfdW6lr23eMG_8welog_rs4util23build_target_log_fields0B5_
FNF:3
FNH:3
DA:11,17
DA:12,17
DA:14,17
DA:15,14
DA:16,14
DA:17,14
DA:18,14
DA:20,17
DA:21,17
DA:26,9
DA:27,9
DA:28,9
DA:30,9
DA:31,8
DA:32,8
DA:34,9
DA:35,8
DA:36,8
DA:38,9
DA:40,9
DA:41,9
DA:42,9
DA:44,9
DA:46,9
DA:47,9
DA:48,9
DA:50,9
DA:51,9
DA:52,9
DA:54,9
DA:55,9
DA:56,9
DA:58,9
DA:59,9
DA:60,9
DA:62,9
DA:63,9
DA:64,9
DA:66,9
DA:67,9
DA:68,9
DA:69,9
DA:71,9
DA:72,9
DA:73,9
DA:75,9
DA:76,9
DA:77,9
DA:79,9
DA:80,9
DA:81,9
DA:83,9
DA:84,9
DA:85,9
DA:87,9
DA:88,9
DA:89,9
DA:91,9
DA:92,9
DA:93,9
DA:96,9
DA:97,9
BRF:0
BRH:0
LF:63
LH:63
end_of_record